c:\users\alanb\source\repos\clang\the c programming language\fahr\x64\release\vc143.pdb
c:\users\alanb\source\repos\clang\the c programming language\fahr\x64\release\fahr.obj
c:\users\alanb\source\repos\clang\the c programming language\fahr\x64\release\fahr.ipdb
c:\users\alanb\source\repos\clang\the c programming language\fahr\x64\release\fahr.iobj
c:\users\alanb\source\repos\clang\the c programming language\fahr\x64\release\fahr.exe
c:\users\alanb\source\repos\clang\the c programming language\fahr\x64\release\fahr.pdb
c:\users\alanb\source\repos\corpsicle\repos\clang\the c programming language\fahr\x64\release\fahr.obj
c:\users\alanb\source\repos\corpsicle\repos\clang\the c programming language\fahr\x64\release\fahr.ipdb
c:\users\alanb\source\repos\corpsicle\repos\clang\the c programming language\fahr\x64\release\fahr.iobj
c:\users\alanb\source\repos\corpsicle\repos\clang\the c programming language\fahr\x64\release\fahr.pdb
c:\users\alanb\source\repos\corpsicle\repos\clang\the c programming language\fahr\x64\release\vc143.pdb
c:\users\alanb\source\repos\corpsicle\repos\clang\the c programming language\fahr\x64\release\fahr.nativecodeanalysis.xml
c:\users\alanb\source\repos\corpsicle\repos\clang\the c programming language\fahr\x64\release\vc.nativecodeanalysis.all.xml
c:\users\alanb\source\repos\corpsicle\repos\clang\the c programming language\fahr\x64\release\fahr.exe
c:\users\alanb\source\repos\corpsicle\repos\clang\the c programming language\fahr\x64\release\fahr.tlog\cl.command.1.tlog
c:\users\alanb\source\repos\corpsicle\repos\clang\the c programming language\fahr\x64\release\fahr.tlog\cl.read.1.tlog
c:\users\alanb\source\repos\corpsicle\repos\clang\the c programming language\fahr\x64\release\fahr.tlog\cl.write.1.tlog
c:\users\alanb\source\repos\corpsicle\repos\clang\the c programming language\fahr\x64\release\fahr.tlog\link.command.1.tlog
c:\users\alanb\source\repos\corpsicle\repos\clang\the c programming language\fahr\x64\release\fahr.tlog\link.read.1.tlog
c:\users\alanb\source\repos\corpsicle\repos\clang\the c programming language\fahr\x64\release\fahr.tlog\link.write.1.tlog
c:\users\alanb\source\repos\corpsicle\repos\clang\the c programming language\fahr\x64\release\fahr.tlog\link.write.2u.tlog
